[2023-11-09 10:40:44,962] 24 root - INFO - data ingestion started
[2023-11-09 10:40:45,294] 28 root - INFO -  i have read dataset as a df
[2023-11-09 10:40:47,103] 33 root - INFO -  i have saved the raw dataset in artifact folder
[2023-11-09 10:40:47,103] 35 root - INFO - here i have performed train test split
[2023-11-09 10:40:47,134] 38 root - INFO - train test split completed
[2023-11-09 10:40:48,933] 43 root - INFO - data ingestion part completed
[2023-11-09 10:40:49,269] 86 root - INFO - read train and test data complete
[2023-11-09 10:40:49,269] 87 root - INFO - Train Dataframe Head : 
       id  carat      cut color clarity  depth  table     x     y     z  price
0  153646   1.01     Good     D     SI1   63.9   56.0  6.36  6.31  4.06   6344
1   47075   1.50  Premium     F     VS2   61.8   59.0  7.32  7.26  4.50  14787
2  147494   0.32    Ideal     D     VS2   62.1   54.0  4.38  4.41  2.73    850
3  153178   1.01  Premium     G     SI1   58.7   60.0  6.56  6.53  3.85   4784
4  145215   1.11  Premium     F     SI2   62.7   57.0  6.62  6.58  4.15   4969
[2023-11-09 10:40:49,269] 88 root - INFO - Test Dataframe Head : 
       id  carat        cut color clarity  depth  table     x     y     z  price
0  182756   0.41       Good     E     VS1   58.2   62.0  4.85  4.87  2.82   1060
1  172689   0.70      Ideal     E     VS2   62.1   56.0  5.68  5.72  3.55   2990
2  130851   2.05      Ideal     H     VS2   60.3   56.0  8.19  8.29  4.99  14558
3  101985   1.08      Ideal     G     VS2   61.7   56.0  6.56  6.60  4.06   6562
4  140702   0.70  Very Good     F     SI1   62.9   58.0  5.62  5.65  3.54   2700
[2023-11-09 10:40:49,285] 31 root - INFO - Data Transformation initiated
[2023-11-09 10:40:49,285] 42 root - INFO - Pipeline Initiated
[2023-11-09 10:40:50,066] 106 root - INFO - Applying preprocessing object on training and testing datasets.
[2023-11-09 10:40:50,097] 124 root - INFO - Exception occured in the initiate_datatransformation
