[2023-11-09 11:42:53,673] 24 root - INFO - data ingestion started
[2023-11-09 11:42:54,018] 28 root - INFO -  i have read dataset as a df
[2023-11-09 11:42:55,695] 33 root - INFO -  i have saved the raw dataset in artifact folder
[2023-11-09 11:42:55,695] 35 root - INFO - here i have performed train test split
[2023-11-09 11:42:55,758] 38 root - INFO - train test split completed
[2023-11-09 11:42:57,500] 43 root - INFO - data ingestion part completed
[2023-11-09 11:42:57,906] 86 root - INFO - read train and test data complete
[2023-11-09 11:42:57,922] 87 root - INFO - Train Dataframe Head : 
       id  carat        cut color clarity  depth  table     x     y     z  price
0  127413   1.05      Ideal     F     SI1   62.5   55.0  6.53  6.55  4.09   5519
1   29350   0.56      Ideal     D     VS2   61.8   55.0  5.30  5.34  3.29   1882
2   54157   0.32      Ideal     F    VVS2   61.7   56.0  4.43  4.40  2.72    945
3   84050   0.41      Ideal     F     VS1   61.4   55.0  4.78  4.79  2.94   1007
4  184331   0.70  Very Good     H     SI1   62.5   60.0  5.63  5.66  3.53   2222
[2023-11-09 11:42:57,922] 88 root - INFO - Test Dataframe Head : 
       id  carat        cut color clarity  depth  table     x     y     z  price
0   25546   0.33  Very Good     I     VS1   62.8   57.0  4.37  4.39  2.75    555
1  147681   0.55  Very Good     F     VS2   61.5   59.0  5.24  5.27  3.23   1764
2   75328   0.31      Ideal     G    VVS1   61.1   56.0  4.37  4.40  2.68    849
3   76818   1.71    Premium     I     SI1   61.7   58.0  7.64  7.61  4.71   8431
4   69875   0.55      Ideal     G     VS2   61.7   56.0  5.29  5.31  3.27   1790
[2023-11-09 11:42:57,922] 31 root - INFO - Data Transformation initiated
[2023-11-09 11:42:57,922] 42 root - INFO - Pipeline Initiated
[2023-11-09 11:42:58,629] 106 root - INFO - Applying preprocessing object on training and testing datasets.
[2023-11-09 11:42:58,644] 116 root - INFO - preprocessing pickle file saved
[2023-11-09 11:42:58,644] 25 root - INFO - Splitting Dependent and Independent variables from train and test data
[2023-11-09 11:43:01,185] 44 root - INFO - Model Report : {'LinearRegression': 0.9355388137685694, 'Lasso': 0.9360216656599487, 'Ridge': 0.9355366769058724, 'Elasticnet': 0.8536751666115202}
[2023-11-09 11:43:01,185] 58 root - INFO - Best Model Found , Model Name : Lasso , R2 Score : 0.9360216656599487
