[2023-11-09 11:37:37,279] 24 root - INFO - data ingestion started
[2023-11-09 11:37:37,562] 28 root - INFO -  i have read dataset as a df
[2023-11-09 11:37:39,474] 33 root - INFO -  i have saved the raw dataset in artifact folder
[2023-11-09 11:37:39,474] 35 root - INFO - here i have performed train test split
[2023-11-09 11:37:39,523] 38 root - INFO - train test split completed
[2023-11-09 11:37:41,390] 43 root - INFO - data ingestion part completed
[2023-11-09 11:37:41,811] 86 root - INFO - read train and test data complete
[2023-11-09 11:37:41,827] 87 root - INFO - Train Dataframe Head : 
       id  carat        cut color clarity  depth  table     x     y     z  price
0  137705   1.01  Very Good     I     SI2   63.1   58.0  6.36  6.31  3.99   3831
1  177075   1.04      Ideal     G    VVS2   62.4   55.0  6.48  6.52  4.05   7733
2   84565   0.31      Ideal     F    VVS1   61.6   56.0  4.38  4.35  2.69    814
3  174211   0.33      Ideal     I    VVS2   61.2   56.0  4.49  4.45  2.74    743
4  103380   0.51      Ideal     D     VS2   61.2   55.0  5.12  5.15  3.16   1838
[2023-11-09 11:37:41,827] 88 root - INFO - Test Dataframe Head : 
       id  carat      cut color clarity  depth  table     x     y     z  price
0  102209   1.03    Ideal     G     VS2   61.8   56.0  6.46  6.48  4.00   6224
1   67582   1.55    Ideal     I     SI1   62.7   54.0  7.42  7.35  4.63   8455
2   24607   0.50     Good     F     SI1   64.1   56.0  5.02  5.07  3.23   1138
3  144146   0.34  Premium     H     VS2   62.4   59.0  4.48  4.44  2.79    689
4  100238   0.31  Premium     I     SI1   61.9   59.0  4.35  4.32  2.68    523
[2023-11-09 11:37:41,827] 31 root - INFO - Data Transformation initiated
[2023-11-09 11:37:41,827] 42 root - INFO - Pipeline Initiated
[2023-11-09 11:37:42,376] 106 root - INFO - Applying preprocessing object on training and testing datasets.
[2023-11-09 11:37:42,392] 116 root - INFO - preprocessing pickle file saved
[2023-11-09 11:37:42,392] 25 root - INFO - Splitting Dependent and Independent variables from train and test data
[2023-11-09 11:37:44,680] 44 root - INFO - Model Report : {'LinearRegression': 0.9365815217123845, 'Lasso': 0.936854727915042, 'Ridge': 0.9365781372908409, 'Elasticnet': 0.8529069618196167}
[2023-11-09 11:37:44,680] 58 root - INFO - Best Model Found , Model Name : Lasso , R2 Score : 0.936854727915042
[2023-11-09 11:37:44,680] 67 root - INFO - Exception occured at Model Training
