[2023-11-09 10:28:50,685] 24 root - INFO - data ingestion started
[2023-11-09 10:28:50,982] 28 root - INFO -  i have read dataset as a df
[2023-11-09 10:28:52,707] 33 root - INFO -  i have saved the raw dataset in artifact folder
[2023-11-09 10:28:52,707] 35 root - INFO - here i have performed train test split
[2023-11-09 10:28:52,748] 38 root - INFO - train test split completed
[2023-11-09 10:28:54,426] 43 root - INFO - data ingestion part completed
[2023-11-09 10:28:54,781] 86 root - INFO - read train and test data complete
[2023-11-09 10:28:54,781] 87 root - INFO - Train Dataframe Head : 
       id  carat      cut color clarity  depth  table     x     y     z  price
0   58761   1.31  Premium     H     SI1   60.4   59.0  7.10  7.07  4.28   7283
1  147510   0.46    Ideal     H     VS1   62.4   54.0  4.92  4.94  3.08   1169
2  149947   1.20  Premium     J     SI2   62.7   58.0  6.74  6.77  4.24   3737
3  135022   0.56  Premium     E     SI2   62.4   59.0  5.21  5.26  3.27   1378
4  138340   0.53    Ideal     F    VVS2   60.8   56.0  5.24  5.27  3.19   1985
[2023-11-09 10:28:54,797] 88 root - INFO - Test Dataframe Head : 
       id  carat        cut color clarity  depth  table     x     y     z  price
0  173237   0.70      Ideal     E     VS1   61.9   55.0  5.71  5.77  3.55   3535
1   38598   1.02  Very Good     F     SI1   63.1   57.0  6.34  6.38  4.02   5794
2  140946   0.72      Ideal     F     SI1   61.1   57.0  5.82  5.78  3.54   2762
3  130325   0.51      Ideal     G    VVS2   60.3   57.0  5.22  5.21  3.14   1877
4   42581   1.12    Premium     F     SI1   62.4   58.0  6.68  6.64  4.15   5998
[2023-11-09 10:28:54,797] 31 root - INFO - Data Transformation initiated
[2023-11-09 10:28:54,797] 42 root - INFO - Pipeline Initiated
[2023-11-09 10:28:55,382] 106 root - INFO - Applying preprocessing object on training and testing datasets.
[2023-11-09 10:28:55,392] 124 root - INFO - Exception occured in the initiate_datatransformation
