[2023-11-09 11:35:23,879] 24 root - INFO - data ingestion started
[2023-11-09 11:35:24,176] 28 root - INFO -  i have read dataset as a df
[2023-11-09 11:35:25,903] 33 root - INFO -  i have saved the raw dataset in artifact folder
[2023-11-09 11:35:25,903] 35 root - INFO - here i have performed train test split
[2023-11-09 11:35:25,935] 38 root - INFO - train test split completed
[2023-11-09 11:35:27,691] 43 root - INFO - data ingestion part completed
[2023-11-09 11:35:28,113] 86 root - INFO - read train and test data complete
[2023-11-09 11:35:28,128] 87 root - INFO - Train Dataframe Head : 
       id  carat      cut color clarity  depth  table     x     y     z  price
0   51406   0.97  Premium     J     VS1   61.9   58.0  6.34  6.32  3.93   3048
1  114191   1.14    Ideal     H     VS1   60.9   57.0  6.73  6.78  4.11   5058
2    3735   1.22  Premium     H     SI1   61.2   58.0  6.91  6.87  4.22   5868
3  185193   0.72    Ideal     G     SI1   61.6   55.0  5.78  5.76  3.55   3004
4  128967   1.31  Premium     H     SI2   60.7   58.0  7.07  7.04  4.28   6773
[2023-11-09 11:35:28,144] 88 root - INFO - Test Dataframe Head : 
       id  carat    cut color clarity  depth  table     x     y     z  price
0  119489   0.90  Ideal     G     SI2   61.9   57.0  6.16  6.13  3.81   3808
1  151757   0.95  Ideal     H     VS2   62.1   57.0  6.27  6.24  3.90   4138
2   21804   0.70  Ideal     D     VS2   60.6   57.0  5.73  5.76  3.48   3161
3   45178   1.35  Ideal     F     VS2   62.5   55.0  7.02  7.07  4.41  10995
4   20118   0.51  Ideal     D     VS1   61.9   56.0  5.11  5.15  3.18   2297
[2023-11-09 11:35:28,144] 31 root - INFO - Data Transformation initiated
[2023-11-09 11:35:28,144] 42 root - INFO - Pipeline Initiated
[2023-11-09 11:35:28,709] 106 root - INFO - Applying preprocessing object on training and testing datasets.
[2023-11-09 11:35:28,724] 116 root - INFO - preprocessing pickle file saved
