[2023-11-09 10:51:30,760] 24 root - INFO - data ingestion started
[2023-11-09 10:51:31,119] 28 root - INFO -  i have read dataset as a df
[2023-11-09 10:51:32,989] 33 root - INFO -  i have saved the raw dataset in artifact folder
[2023-11-09 10:51:32,989] 35 root - INFO - here i have performed train test split
[2023-11-09 10:51:33,036] 38 root - INFO - train test split completed
[2023-11-09 10:51:34,839] 43 root - INFO - data ingestion part completed
[2023-11-09 10:51:35,176] 86 root - INFO - read train and test data complete
[2023-11-09 10:51:35,176] 87 root - INFO - Train Dataframe Head : 
       id  carat      cut color clarity  depth  table     x     y     z  price
0   63310   1.22    Ideal     J     SI1   61.6   57.0  6.84  6.86  4.22   5255
1  185891   0.55    Ideal     F     VS1   61.7   55.0  5.25  5.28  3.25   2293
2    8319   2.00    Ideal     I     SI2   62.0   57.0  7.94  8.02  4.93  12937
3  171429   0.90  Premium     H     VS2   61.7   59.0  6.18  6.11  3.77   4143
4  188995   1.53  Premium     I     VS1   61.6   59.0  7.44  7.40  4.56   9656
[2023-11-09 10:51:35,192] 88 root - INFO - Test Dataframe Head : 
       id  carat        cut color clarity  depth  table     x     y     z  price
0  117172   1.03    Premium     F     SI1   62.2   59.0  6.48  6.41  4.01   5469
1   56192   0.90       Good     F     VS2   61.9   61.0  6.14  6.10  3.80   4132
2   62939   0.33      Ideal     H     SI1   61.8   56.0  4.47  4.52  2.77    668
3  104587   0.40  Very Good     G     SI1   62.9   58.0  4.66  4.72  2.95    700
4  180394   0.33      Ideal     E     VS1   59.6   56.0  4.49  4.54  2.69    851
[2023-11-09 10:51:35,192] 31 root - INFO - Data Transformation initiated
[2023-11-09 10:51:35,192] 42 root - INFO - Pipeline Initiated
[2023-11-09 10:51:35,795] 106 root - INFO - Applying preprocessing object on training and testing datasets.
[2023-11-09 10:51:35,811] 124 root - INFO - Exception occured in the initiate_datatransformation
